<?xml version="1.0" encoding="UTF-8"?>
<!-- Generated by org.testng.reporters.JUnitXMLReporter -->
<testsuite ignored="0" hostname="ASCENDI-43096OM" failures="1" tests="4" name="Default test" time="77.843" errors="0" timestamp="2025-10-30T12:55:02 IST">
  <testcase classname="com.fry.tests.Appium_Pepperfry_Login" name="skipLoginTest" time="19.291"/>
  <testcase classname="com.fry.tests.Appium_Pepperfry_Login" name="searchBedTest" time="10.55"/>
  <testcase classname="com.fry.tests.Appium_Pepperfry_Login" name="clickFirstProductTest" time="11.468"/>
  <testcase classname="com.fry.tests.Appium_Pepperfry_Login" name="addToCartTest" time="13.146">
    <failure type="org.openqa.selenium.StaleElementReferenceException" message="androidx.test.uiautomator.StaleObjectException
For documentation on this error, please visit: https://www.seleniumhq.org/exceptions/stale_element_reference.html
Build info: version: &amp;apos;3.141.59&amp;apos;, revision: &amp;apos;e82be7d358&amp;apos;, time: &amp;apos;2018-11-14T08:17:03&amp;apos;
System info: host: &amp;apos;ASCENDI-43096OM&amp;apos;, ip: &amp;apos;10.0.2.15&amp;apos;, os.name: &amp;apos;Windows 11&amp;apos;, os.arch: &amp;apos;amd64&amp;apos;, os.version: &amp;apos;10.0&amp;apos;, java.version: &amp;apos;21.0.8&amp;apos;
Driver info: io.appium.java_client.android.AndroidDriver
Capabilities {appActivity: com.app.pepperfry.main.Main..., appPackage: com.app.pepperfry, automationName: UiAutomator2, databaseEnabled: false, desired: {appActivity: com.app.pepperfry.main.Main..., appPackage: com.app.pepperfry, automationName: UiAutomator2, deviceName: vivo Y75 5G, platformName: android, platformVersion: 15, udid: 192.168.2.92:5555}, deviceApiLevel: 34, deviceManufacturer: vivo, deviceModel: V2142, deviceName: 192.168.2.92:5555, deviceScreenDensity: 440, deviceScreenSize: 1080x2408, deviceUDID: 192.168.2.92:5555, javascriptEnabled: true, locationContextEnabled: false, networkConnectionEnabled: true, pixelRatio: 2.75, platform: LINUX, platformName: Android, platformVersion: 14, statBarHeight: 88, takesScreenshot: true, udid: 192.168.2.92:5555, viewportRect: {height: 2138, left: 0, top: 88, width: 1080}, warnings: {}, webStorageEnabled: false}
Session ID: 8e6f32e0-46d1-460e-812e-2d39e6e91574">
      <![CDATA[org.openqa.selenium.StaleElementReferenceException: androidx.test.uiautomator.StaleObjectException
For documentation on this error, please visit: https://www.seleniumhq.org/exceptions/stale_element_reference.html
Build info: version: '3.141.59', revision: 'e82be7d358', time: '2018-11-14T08:17:03'
System info: host: 'ASCENDI-43096OM', ip: '10.0.2.15', os.name: 'Windows 11', os.arch: 'amd64', os.version: '10.0', java.version: '21.0.8'
Driver info: io.appium.java_client.android.AndroidDriver
Capabilities {appActivity: com.app.pepperfry.main.Main..., appPackage: com.app.pepperfry, automationName: UiAutomator2, databaseEnabled: false, desired: {appActivity: com.app.pepperfry.main.Main..., appPackage: com.app.pepperfry, automationName: UiAutomator2, deviceName: vivo Y75 5G, platformName: android, platformVersion: 15, udid: 192.168.2.92:5555}, deviceApiLevel: 34, deviceManufacturer: vivo, deviceModel: V2142, deviceName: 192.168.2.92:5555, deviceScreenDensity: 440, deviceScreenSize: 1080x2408, deviceUDID: 192.168.2.92:5555, javascriptEnabled: true, locationContextEnabled: false, networkConnectionEnabled: true, pixelRatio: 2.75, platform: LINUX, platformName: Android, platformVersion: 14, statBarHeight: 88, takesScreenshot: true, udid: 192.168.2.92:5555, viewportRect: {height: 2138, left: 0, top: 88, width: 1080}, warnings: {}, webStorageEnabled: false}
Session ID: 8e6f32e0-46d1-460e-812e-2d39e6e91574
at java.base/jdk.internal.reflect.DirectConstructorHandleAccessor.newInstance(DirectConstructorHandleAccessor.java:62)
at java.base/java.lang.reflect.Constructor.newInstanceWithCaller(Constructor.java:502)
at java.base/java.lang.reflect.Constructor.newInstance(Constructor.java:486)
at org.openqa.selenium.remote.http.W3CHttpResponseCodec.createException(W3CHttpResponseCodec.java:187)
at org.openqa.selenium.remote.http.W3CHttpResponseCodec.decode(W3CHttpResponseCodec.java:122)
at org.openqa.selenium.remote.http.W3CHttpResponseCodec.decode(W3CHttpResponseCodec.java:49)
at org.openqa.selenium.remote.HttpCommandExecutor.execute(HttpCommandExecutor.java:158)
at io.appium.java_client.remote.AppiumCommandExecutor.execute(AppiumCommandExecutor.java:250)
at org.openqa.selenium.remote.RemoteWebDriver.execute(RemoteWebDriver.java:552)
at io.appium.java_client.DefaultGenericMobileDriver.execute(DefaultGenericMobileDriver.java:41)
at io.appium.java_client.AppiumDriver.execute(AppiumDriver.java:1)
at io.appium.java_client.android.AndroidDriver.execute(AndroidDriver.java:1)
at org.openqa.selenium.remote.RemoteWebElement.execute(RemoteWebElement.java:285)
at io.appium.java_client.DefaultGenericMobileElement.execute(DefaultGenericMobileElement.java:45)
at io.appium.java_client.MobileElement.execute(MobileElement.java:1)
at io.appium.java_client.android.AndroidElement.execute(AndroidElement.java:1)
at org.openqa.selenium.remote.RemoteWebElement.click(RemoteWebElement.java:84)
at com.fry.tests.Appium_Pepperfry_Login.addToCartTest(Appium_Pepperfry_Login.java:108)
at java.base/jdk.internal.reflect.DirectMethodHandleAccessor.invoke(DirectMethodHandleAccessor.java:103)
at java.base/java.lang.reflect.Method.invoke(Method.java:580)
at org.testng.internal.invokers.MethodInvocationHelper.invokeMethod(MethodInvocationHelper.java:141)
at org.testng.internal.invokers.TestInvoker.invokeMethod(TestInvoker.java:686)
at org.testng.internal.invokers.TestInvoker.invokeTestMethod(TestInvoker.java:230)
at org.testng.internal.invokers.MethodRunner.runInSequence(MethodRunner.java:63)
at org.testng.internal.invokers.TestInvoker$MethodInvocationAgent.invoke(TestInvoker.java:992)
at org.testng.internal.invokers.TestInvoker.invokeTestMethods(TestInvoker.java:203)
at org.testng.internal.invokers.TestMethodWorker.invokeTestMethods(TestMethodWorker.java:154)
at org.testng.internal.invokers.TestMethodWorker.run(TestMethodWorker.java:134)
at java.base/java.util.ArrayList.forEach(ArrayList.java:1596)
at org.testng.TestRunner.privateRun(TestRunner.java:739)
at org.testng.TestRunner.run(TestRunner.java:614)
at org.testng.SuiteRunner.runTest(SuiteRunner.java:421)
at org.testng.SuiteRunner.runSequentially(SuiteRunner.java:413)
at org.testng.SuiteRunner.privateRun(SuiteRunner.java:373)
at org.testng.SuiteRunner.run(SuiteRunner.java:312)
at org.testng.SuiteRunnerWorker.runSuite(SuiteRunnerWorker.java:52)
at org.testng.SuiteRunnerWorker.run(SuiteRunnerWorker.java:95)
at org.testng.TestNG.runSuitesSequentially(TestNG.java:1274)
at org.testng.TestNG.runSuitesLocally(TestNG.java:1208)
at org.testng.TestNG.runSuites(TestNG.java:1112)
at org.testng.TestNG.run(TestNG.java:1079)
at org.testng.remote.AbstractRemoteTestNG.run(AbstractRemoteTestNG.java:115)
at org.testng.remote.RemoteTestNG.initAndRun(RemoteTestNG.java:293)
at org.testng.remote.RemoteTestNG.main(RemoteTestNG.java:91)
]]>
    </failure>
  </testcase> <!-- addToCartTest -->
</testsuite> <!-- Default test -->
